<?xml version="1.0" encoding="UTF-8"?>
<!-- Generated by org.testng.reporters.JUnitXMLReporter -->
<testsuite hostname="Kranthi-Z580" ignored="4" name="Test" tests="6" failures="0" timestamp="2022-04-19T09:47:55 IST" time="17.371" errors="0">
  <testcase name="@BeforeMethod logintoVtiger" time="0.002" classname="com.generic.BaseClass">
    <failure type="java.lang.NoSuchMethodError" message="org.openqa.selenium.support.PageFactory.initElements(Lorg/openqa/selenium/WebDriver;Ljava/lang/Object;)V">
      <![CDATA[java.lang.NoSuchMethodError: org.openqa.selenium.support.PageFactory.initElements(Lorg/openqa/selenium/WebDriver;Ljava/lang/Object;)V
at ObjectRepo.LoginPage.<init>(LoginPage.java:21)
at com.generic.BaseClass.logintoVtiger(BaseClass.java:69)
at java.util.ArrayList.forEach(ArrayList.java:1259)
... Removed 31 stack frames]]>
    </failure>
  </testcase> <!-- @BeforeMethod logintoVtiger -->
  <testcase name="@AfterMethod logout" time="-1.650341863257E9" classname="com.generic.BaseClass">
    <skipped/>
  </testcase> <!-- @AfterMethod logout -->
  <testcase name="@BeforeMethod logintoVtiger" time="-1.65034186326E9" classname="com.generic.BaseClass">
    <skipped/>
  </testcase> <!-- @BeforeMethod logintoVtiger -->
  <testcase name="@AfterMethod logout" time="-1.650341863266E9" classname="com.generic.BaseClass">
    <skipped/>
  </testcase> <!-- @AfterMethod logout -->
  <testcase name="@AfterClass afterClass" time="-1.650341863273E9" classname="com.generic.BaseClass">
    <skipped/>
  </testcase> <!-- @AfterClass afterClass -->
  <testcase name="@BeforeMethod logintoVtiger" time="0.0" classname="com.generic.BaseClass">
    <failure type="java.lang.NoSuchMethodError" message="org.openqa.selenium.support.PageFactory.initElements(Lorg/openqa/selenium/WebDriver;Ljava/lang/Object;)V">
      <![CDATA[java.lang.NoSuchMethodError: org.openqa.selenium.support.PageFactory.initElements(Lorg/openqa/selenium/WebDriver;Ljava/lang/Object;)V
at ObjectRepo.LoginPage.<init>(LoginPage.java:21)
at com.generic.BaseClass.logintoVtiger(BaseClass.java:69)
at java.util.ArrayList.forEach(ArrayList.java:1259)
... Removed 31 stack frames]]>
    </failure>
  </testcase> <!-- @BeforeMethod logintoVtiger -->
  <testcase name="@AfterMethod logout" time="-1.650341868864E9" classname="com.generic.BaseClass">
    <skipped/>
  </testcase> <!-- @AfterMethod logout -->
  <testcase name="@BeforeMethod logintoVtiger" time="-1.650341868871E9" classname="com.generic.BaseClass">
    <skipped/>
  </testcase> <!-- @BeforeMethod logintoVtiger -->
  <testcase name="@AfterMethod logout" time="-1.650341868876E9" classname="com.generic.BaseClass">
    <skipped/>
  </testcase> <!-- @AfterMethod logout -->
  <testcase name="@AfterClass afterClass" time="-1.650341868882E9" classname="com.generic.BaseClass">
    <skipped/>
  </testcase> <!-- @AfterClass afterClass -->
  <testcase name="@BeforeMethod logintoVtiger" time="0.001" classname="com.generic.BaseClass">
    <failure type="java.lang.NoSuchMethodError" message="org.openqa.selenium.support.PageFactory.initElements(Lorg/openqa/selenium/WebDriver;Ljava/lang/Object;)V">
      <![CDATA[java.lang.NoSuchMethodError: org.openqa.selenium.support.PageFactory.initElements(Lorg/openqa/selenium/WebDriver;Ljava/lang/Object;)V
at ObjectRepo.LoginPage.<init>(LoginPage.java:21)
at com.generic.BaseClass.logintoVtiger(BaseClass.java:69)
at java.util.ArrayList.forEach(ArrayList.java:1259)
... Removed 31 stack frames]]>
    </failure>
  </testcase> <!-- @BeforeMethod logintoVtiger -->
  <testcase name="@AfterMethod logout" time="-1.650341874432E9" classname="com.generic.BaseClass">
    <skipped/>
  </testcase> <!-- @AfterMethod logout -->
  <testcase name="@BeforeMethod logintoVtiger" time="-1.650341874436E9" classname="com.generic.BaseClass">
    <skipped/>
  </testcase> <!-- @BeforeMethod logintoVtiger -->
  <testcase name="@AfterMethod logout" time="-1.650341874446E9" classname="com.generic.BaseClass">
    <skipped/>
  </testcase> <!-- @AfterMethod logout -->
  <testcase name="@AfterClass afterClass" time="-1.650341874448E9" classname="com.generic.BaseClass">
    <skipped/>
  </testcase> <!-- @AfterClass afterClass -->
  <testcase name="createorgwithDDTest" time="0.0" classname="Com.testcases.Tc_001CreateOrg">
    <skipped/>
  </testcase> <!-- createorgwithDDTest -->
  <testcase name="deleteOrgTest" time="0.0" classname="Com.testcases.Tc_001CreateOrg">
    <skipped/>
  </testcase> <!-- deleteOrgTest -->
  <testcase name="createorgTest" time="0.001" classname="Com.testcases.TC_002CreateOrgtest">
    <skipped/>
  </testcase> <!-- createorgTest -->
  <testcase name="createorgwithmobilenoTest" time="0.0" classname="Com.testcases.TC_002CreateOrgtest">
    <skipped/>
  </testcase> <!-- createorgwithmobilenoTest -->
  <testcase name="createcontact" time="0.0" classname="Com.testcases.TC_03CreateContactusingorg">
    <skipped/>
  </testcase> <!-- createcontact -->
  <testcase name="createcontactwithorgTest" time="0.0" classname="Com.testcases.TC_03CreateContactusingorg">
    <skipped/>
  </testcase> <!-- createcontactwithorgTest -->
  <testcase name="@AfterSuite afterSuite" time="0.0" classname="com.generic.BaseClass">
    <ignored/>
  </testcase> <!-- @AfterSuite afterSuite -->
  <testcase name="@AfterSuite afterSuite" time="0.0" classname="com.generic.BaseClass">
    <ignored/>
  </testcase> <!-- @AfterSuite afterSuite -->
  <testcase name="@BeforeSuite bs" time="0.0" classname="com.generic.BaseClass">
    <ignored/>
  </testcase> <!-- @BeforeSuite bs -->
  <testcase name="@BeforeSuite bs" time="0.0" classname="com.generic.BaseClass">
    <ignored/>
  </testcase> <!-- @BeforeSuite bs -->
</testsuite> <!-- Test -->
